This is pdfTeX, Version 3.1415926-2.4-1.40.13 (TeX Live 2012/Debian) (format=latex 2012.8.1)  5 AUG 2012 00:38
entering extended mode
 restricted \write18 enabled.
 %&-line parsing enabled.
**\input assignment1.tex
(./assignment1.tex (/usr/share/texlive/texmf-dist/tex/latex/base/article.cls
Document Class: article 2007/10/19 v1.4h Standard LaTeX document class
(/usr/share/texlive/texmf-dist/tex/latex/base/size12.clo
File: size12.clo 2007/10/19 v1.4h Standard LaTeX file (size option)
)
\c@part=\count79
\c@section=\count80
\c@subsection=\count81
\c@subsubsection=\count82
\c@paragraph=\count83
\c@subparagraph=\count84
\c@figure=\count85
\c@table=\count86
\abovecaptionskip=\skip41
\belowcaptionskip=\skip42
\bibindent=\dimen102
))
! Emergency stop.
<*> \input assignment1.tex
                          
*** (job aborted, no legal \end found)

 
Here is how much of TeX's memory you used:
 197 strings out of 495060
 2120 string characters out of 3182054
 46052 words of memory out of 3000000
 3471 multiletter control sequences out of 15000+200000
 3938 words of font info for 15 fonts, out of 3000000 for 9000
 14 hyphenation exceptions out of 8191
 22i,0n,19p,192b,36s stack positions out of 5000i,500n,10000p,200000b,50000s
No pages of output.
